  Animations.cpp
<<<<<<< HEAD
D:\UIT\SE102 - Nhập Môn GAME\PROJECT\Blaster_Master\BlasterMaster\Animations.h(3,10): fatal error C1083: Cannot open include file: 'd3dx9.h': No such file or directory
  Brick.cpp
D:\UIT\SE102 - Nhập Môn GAME\PROJECT\Blaster_Master\BlasterMaster\GameObject.h(4,10): fatal error C1083: Cannot open include file: 'd3dx9.h': No such file or directory
  Car.cpp
D:\UIT\SE102 - Nhập Môn GAME\PROJECT\Blaster_Master\BlasterMaster\GameObject.h(4,10): fatal error C1083: Cannot open include file: 'd3dx9.h': No such file or directory
  Game.cpp
D:\UIT\SE102 - Nhập Môn GAME\PROJECT\Blaster_Master\BlasterMaster\Game.h(7,10): fatal error C1083: Cannot open include file: 'd3dx9.h': No such file or directory
  GameObject.cpp
D:\UIT\SE102 - Nhập Môn GAME\PROJECT\Blaster_Master\BlasterMaster\GameObject.cpp(1,10): fatal error C1083: Cannot open include file: 'd3dx9.h': No such file or directory
  Goomba.cpp
D:\UIT\SE102 - Nhập Môn GAME\PROJECT\Blaster_Master\BlasterMaster\GameObject.h(4,10): fatal error C1083: Cannot open include file: 'd3dx9.h': No such file or directory
  KeyEventHandler.cpp
  Koopas.cpp
D:\UIT\SE102 - Nhập Môn GAME\PROJECT\Blaster_Master\BlasterMaster\GameObject.h(4,10): fatal error C1083: Cannot open include file: 'd3dx9.h': No such file or directory
  main.cpp
D:\UIT\SE102 - Nhập Môn GAME\PROJECT\Blaster_Master\BlasterMaster\main.cpp(16,10): fatal error C1083: Cannot open include file: 'd3dx9.h': No such file or directory
  Mario.cpp
D:\UIT\SE102 - Nhập Môn GAME\PROJECT\Blaster_Master\BlasterMaster\GameObject.h(4,10): fatal error C1083: Cannot open include file: 'd3dx9.h': No such file or directory
  PlayScence.cpp
D:\UIT\SE102 - Nhập Môn GAME\PROJECT\Blaster_Master\BlasterMaster\Game.h(7,10): fatal error C1083: Cannot open include file: 'd3dx9.h': No such file or directory
  Portal.cpp
D:\UIT\SE102 - Nhập Môn GAME\PROJECT\Blaster_Master\BlasterMaster\GameObject.h(4,10): fatal error C1083: Cannot open include file: 'd3dx9.h': No such file or directory
  Scence.cpp
D:\UIT\SE102 - Nhập Môn GAME\PROJECT\Blaster_Master\BlasterMaster\Scence.h(3,10): fatal error C1083: Cannot open include file: 'd3dx9.h': No such file or directory
  Sprites.cpp
D:\UIT\SE102 - Nhập Môn GAME\PROJECT\Blaster_Master\BlasterMaster\Sprites.h(3,10): fatal error C1083: Cannot open include file: 'd3dx9.h': No such file or directory
  Textures.cpp
D:\UIT\SE102 - Nhập Môn GAME\PROJECT\Blaster_Master\BlasterMaster\Textures.cpp(4,10): fatal error C1083: Cannot open include file: 'd3dx9.h': No such file or directory
=======
C:\Users\Asus\Documents\GitHub\Blaster_Master\BlasterMaster\Animations.cpp(66,71): warning C4267: '=': conversion from 'size_t' to 'int', possible loss of data
C:\Users\Asus\Documents\GitHub\Blaster_Master\BlasterMaster\Animations.cpp(78,35): warning C4267: '=': conversion from 'size_t' to 'int', possible loss of data
  Brick.cpp
  Car.cpp
  Game.cpp
C:\Users\Asus\Documents\GitHub\Blaster_Master\BlasterMaster\Game.cpp(131,35): error C2065: 'GWL_HINSTANCE': undeclared identifier
  GameObject.cpp
  Goomba.cpp
  KeyEventHandler.cpp
  Koopas.cpp
  main.cpp
  Mario.cpp
  PlayScence.cpp
C:\Users\Asus\Documents\GitHub\Blaster_Master\BlasterMaster\PlayScence.cpp(137,10): warning C4244: 'initializing': conversion from 'double' to 'float', possible loss of data
C:\Users\Asus\Documents\GitHub\Blaster_Master\BlasterMaster\PlayScence.cpp(138,10): warning C4244: 'initializing': conversion from 'double' to 'float', possible loss of data
C:\Users\Asus\Documents\GitHub\Blaster_Master\BlasterMaster\PlayScence.cpp(175,11): warning C4244: 'initializing': conversion from 'double' to 'float', possible loss of data
C:\Users\Asus\Documents\GitHub\Blaster_Master\BlasterMaster\PlayScence.cpp(176,11): warning C4244: 'initializing': conversion from 'double' to 'float', possible loss of data
  Portal.cpp
C:\Users\Asus\Documents\GitHub\Blaster_Master\BlasterMaster\Portal.cpp(9,16): warning C4244: '=': conversion from 'float' to 'int', possible loss of data
C:\Users\Asus\Documents\GitHub\Blaster_Master\BlasterMaster\Portal.cpp(10,17): warning C4244: '=': conversion from 'float' to 'int', possible loss of data
  Scence.cpp
  Sprites.cpp
  Textures.cpp
>>>>>>> b26e0488ababa02636535b398c26c5931754043b
  Utils.cpp
  Generating Code...
